[debug] [2021-10-13T16:04:28.919Z] ----------------------------------------------------------------------
[debug] [2021-10-13T16:04:28.923Z] Command:       C:\Program Files\nodejs\node.exe C:\Users\MFY\AppData\Roaming\npm\node_modules\firebase-tools\lib\bin\firebase.js init
[debug] [2021-10-13T16:04:28.924Z] CLI Version:   8.0.3
[debug] [2021-10-13T16:04:28.924Z] Platform:      win32
[debug] [2021-10-13T16:04:28.924Z] Node Version:  v14.5.0
[debug] [2021-10-13T16:04:28.925Z] Time:          Wed Oct 13 2021 21:04:28 GMT+0500 (Pakistan Standard Time)
[debug] [2021-10-13T16:04:28.926Z] ----------------------------------------------------------------------
[debug] [2021-10-13T16:04:28.926Z] 
[debug] [2021-10-13T16:04:28.947Z] > command requires scopes: ["email","openid","https://www.googleapis.com/auth/cloudplatformprojects.readonly","https://www.googleapis.com/auth/firebase","https://www.googleapis.com/auth/cloud-platform"]
[debug] [2021-10-13T16:04:28.948Z] > authorizing via signed-in user
[info] 
     ######## #### ########  ######## ########     ###     ######  ########
     ##        ##  ##     ## ##       ##     ##  ##   ##  ##       ##
     ######    ##  ########  ######   ########  #########  ######  ######
     ##        ##  ##    ##  ##       ##     ## ##     ##       ## ##
     ##       #### ##     ## ######## ########  ##     ##  ######  ########

You're about to initialize a Firebase project in this directory:

  C:\Users\MFY\Desktop\Practice of fyp\Websites

[info] 
=== Project Setup
[info] 
[info] First, let's associate this project directory with a Firebase project.
[info] You can create multiple project aliases by running firebase use --add, 
[info] but for now we'll just set up a default project.
[info] 
